******https://api.twitter.com/1.1/search/tweets.json?q="breast cancer clinical trial"&count=100
user= UMichNursing followers= 694 friends= 908 tweets= 1763 weight= 144349.96 favourites= 58 verified= False
user= intlstemcell followers= 19919 friends= 5381 tweets= 1956 weight= 955238.84 favourites= 37 verified= False
user= StemCulture followers= 388 friends= 406 tweets= 233 weight= 8669.02 favourites= 0 verified= False
user= Nellyjuke followers= 467 friends= 702 tweets= 14922 weight= 942958.76 favourites= 56 verified= False
user= abcdiagnosis followers= 1682 friends= 1964 tweets= 11426 weight= 2020332.56 favourites= 2753 verified= False
user= DetroitCP followers= 2131 friends= 4 tweets= 144641 weight= 52923.16 favourites= 0 verified= False
user= Kimberely_Mcgra followers= 2207 friends= 2062 tweets= 17726 weight= 3290473.88 favourites= 0 verified= False
user= detroitnewsnow followers= 6673 friends= 434 tweets= 107458 weight= 4199978.68 favourites= 9 verified= False
user= ChicCompression followers= 649 friends= 1559 tweets= 2395 weight= 336302.05 favourites= 98 verified= False
user= BC_newsalerts followers= 630 friends= 1988 tweets= 214 weight= 38540.88 favourites= 0 verified= False
user= breastcancertip followers= 474 friends= 461 tweets= 11885 weight= 493298.25 favourites= 0 verified= False
user= TheStemCellTrap followers= 185 friends= 176 tweets= 6318 weight= 100151.12 favourites= 0 verified= False
user= breastcancer_85 followers= 1371 friends= 1561 tweets= 32033 weight= 4500864.57 favourites= 0 verified= False
user= Kimberely_Mcgra followers= 2207 friends= 2062 tweets= 17726 weight= 3290473.88 favourites= 0 verified= False
user= cmiller1225 followers= 965 friends= 968 tweets= 64903 weight= 5654735.36 favourites= 4 verified= False
user= cmiller1225 followers= 965 friends= 968 tweets= 64903 weight= 5654735.36 favourites= 4 verified= False
user= JanuarysJargon followers= 2179 friends= 2233 tweets= 16491 weight= 3315067.87 favourites= 229 verified= False
user= gochujang81 followers= 36 friends= 24 tweets= 15883 weight= 34321.68 favourites= 0 verified= False
user= StemCellsFreak followers= 169 friends= 291 tweets= 307 weight= 8107.93 favourites= 127 verified= False
user= jazziz65 followers= 52 friends= 46 tweets= 20242 weight= 83822.68 favourites= 22 verified= False
user= stock_irish followers= 1310 friends= 1641 tweets= 20949 weight= 3094481.81 favourites= 0 verified= False
user= ArgusFeed followers= 98 friends= 112 tweets= 7376 weight= 74389.28 favourites= 0 verified= False
user= sidanews followers= 2069 friends= 2268 tweets= 18386 weight= 3753777.92 favourites= 41 verified= False
user= rioconsulado followers= 452 friends= 516 tweets= 14602 weight= 678297.68 favourites= 2 verified= False
user= BioEDENUK followers= 1033 friends= 1899 tweets= 22600 weight= 3862979.2 favourites= 1 verified= False
user= NationalNews247 followers= 506 friends= 56 tweets= 111697 weight= 563155.28 favourites= 0 verified= False
user= defeatingcancer followers= 2548 friends= 1729 tweets= 8603 weight= 1339732.03 favourites= 0 verified= False
