******https://api.twitter.com/1.1/search/tweets.json?q="breast cancer"&count=100
user= WittScience followers= 65 friends= 17 tweets= 39712 weight= 60785.36 favourites= 0 verified= False
user= wrikent3500 followers= 1452 friends= 2004 tweets= 261202 weight= 47110973.52 favourites= 22811 verified= False
user= healthqanda1 followers= 1526 friends= 1869 tweets= 186188 weight= 31319293.88 favourites= 0 verified= False
user= EMChealthcare followers= 1810 friends= 1968 tweets= 2795 weight= 495774.4 favourites= 4 verified= False
user= handsupthepose followers= 137 friends= 132 tweets= 1327 weight= 15819.56 favourites= 303 verified= False
user= cancernewsdaily followers= 943 friends= 0 tweets= 26163 weight= 377.2 favourites= 0 verified= False
user= lilith_1116 followers= 41 friends= 87 tweets= 4491 weight= 35180.93 favourites= 3891 verified= False
user= TheLookAfterYou followers= 122 friends= 173 tweets= 425 weight= 6666.05 favourites= 2 verified= False
user= anncherie49 followers= 300 friends= 568 tweets= 2950 weight= 150924.0 favourites= 136 verified= False
user= freelancehealth followers= 1545 friends= 2003 tweets= 245299 weight= 44220668.73 favourites= 0 verified= False
user= LisaStammitti followers= 114 friends= 179 tweets= 2507 weight= 40433.37 favourites= 266 verified= False
user= BreakfastNews followers= 31095 friends= 1084 tweets= 9757 weight= 964330.92 favourites= 16 verified= False
user= QInteractions followers= 42 friends= 141 tweets= 296 weight= 3773.04 favourites= 21 verified= False
user= bestrealhealth followers= 849 friends= 1479 tweets= 4932 weight= 656838.12 favourites= 13 verified= False
user= ApolloCorp followers= 718 friends= 701 tweets= 342 weight= 21863.98 favourites= 0 verified= False
user= CRACKHEADHOBO followers= 3 friends= 12 tweets= 56 weight= 61.68 favourites= 0 verified= False
user= NZDoctor_news followers= 1760 friends= 838 tweets= 11928 weight= 900313.76 favourites= 60 verified= False
user= DHL66 followers= 778 friends= 488 tweets= 6189 weight= 272132.08 favourites= 65 verified= False
user= lbc973 followers= 54279 friends= 769 tweets= 28054 weight= 1963328.94 favourites= 0 verified= True
user= gala_the followers= 1 friends= 12 tweets= 4 weight= 4.72 favourites= 0 verified= False
user= MotherToBabyUT followers= 118 friends= 918 tweets= 223 weight= 18471.46 favourites= 0 verified= False
user= scottiepie2010 followers= 87 friends= 243 tweets= 2912 weight= 63720.24 favourites= 458 verified= False
user= inaattt followers= 267 friends= 227 tweets= 27916 weight= 570430.68 favourites= 892 verified= False
user= ade_rizkha followers= 550 friends= 771 tweets= 11285 weight= 783286.15 favourites= 104 verified= False
user= KraizyKath followers= 238 friends= 496 tweets= 4777 weight= 213340.48 favourites= 78 verified= False
user= aefarahim followers= 410 friends= 52 tweets= 38469 weight= 180198.92 favourites= 6045 verified= False
user= Kimberely_Mcgra followers= 2203 friends= 2061 tweets= 17676 weight= 3279602.44 favourites= 0 verified= False
user= healincomfort followers= 1469 friends= 2000 tweets= 8565 weight= 1542287.6 favourites= 222 verified= False
user= abigail2605 followers= 181 friends= 296 tweets= 6592 weight= 175683.28 favourites= 601 verified= False
user= HighAriel followers= 38 friends= 28 tweets= 2737 weight= 6912.44 favourites= 140 verified= False
user= DanielCrane81 followers= 260 friends= 150 tweets= 5602 weight= 75731.0 favourites= 2465 verified= False
user= Alwayz_Dreamin followers= 326 friends= 861 tweets= 17392 weight= 1347836.48 favourites= 175 verified= False
user= MDC_in_Melb followers= 216 friends= 426 tweets= 589 weight= 22668.66 favourites= 272 verified= False
user= Bergmanxms followers= 19 friends= 1668 tweets= 1234 weight= 185255.68 favourites= 13 verified= False
user= OwnHealthHero followers= 21 friends= 47 tweets= 544 weight= 2309.52 favourites= 0 verified= False
user= MsMonforte followers= 672 friends= 739 tweets= 2806 weight= 186895.86 favourites= 263 verified= False
user= OrganicLiveFood followers= 100099 friends= 92405 tweets= 19624 weight= 163242054.4 favourites= 1590 verified= False
user= malcolmbrackley followers= 184 friends= 249 tweets= 636 weight= 14326.36 favourites= 5 verified= False
user= B4INHealth followers= 2114 friends= 2283 tweets= 16473 weight= 3385552.91 favourites= 0 verified= False
user= NBCFAus followers= 6773 friends= 1471 tweets= 2091 weight= 279536.69 favourites= 19 verified= False
user= angela30078209 followers= 13 friends= 84 tweets= 10 weight= 80.8 favourites= 1 verified= False
user= dilaraerguven followers= 346 friends= 334 tweets= 12063 weight= 362752.18 favourites= 274 verified= False
user= healincomfort followers= 1469 friends= 2000 tweets= 8565 weight= 1542287.6 favourites= 222 verified= False
user= YAC_ing followers= 200 friends= 375 tweets= 658 weight= 22287.5 favourites= 35 verified= False
user= anthea_bailey followers= 357 friends= 519 tweets= 8482 weight= 396337.02 favourites= 172 verified= False
user= gerrydrabble followers= 287 friends= 643 tweets= 5463 weight= 316258.61 favourites= 25 verified= False
user= lrenee297 followers= 30 friends= 72 tweets= 59 weight= 394.32 favourites= 2 verified= False
user= CancerCouncil followers= 9359 friends= 5759 tweets= 4382 weight= 2274978.02 favourites= 152 verified= True
user= _amusebouche_ followers= 212 friends= 54 tweets= 23829 weight= 115893.74 favourites= 624 verified= False
user= Junya_Says followers= 724 friends= 319 tweets= 16689 weight= 479430.79 favourites= 44 verified= False
user= mcquaic followers= 271 friends= 328 tweets= 191 weight= 5746.72 favourites= 10 verified= False
user= EnglandCouturey followers= 33845 friends= 2498 tweets= 18602 weight= 4195639.64 favourites= 938 verified= False
user= Hassan61101 followers= 749 friends= 1977 tweets= 16395 weight= 2917461.95 favourites= 1226 verified= False
user= BahlaBri_Trendy followers= 1488 friends= 1198 tweets= 15065 weight= 1624903.5 favourites= 3032 verified= False
user= StatsAndHeart followers= 117 friends= 196 tweets= 6428 weight= 113436.72 favourites= 715 verified= False
user= Earth_Patriot followers= 124 friends= 40 tweets= 15128 weight= 54510.4 favourites= 3 verified= False
user= MDC_in_Melb followers= 216 friends= 426 tweets= 589 weight= 22668.66 favourites= 272 verified= False
user= HeilKuehnaxv followers= 22 friends= 1859 tweets= 1052 weight= 176018.92 favourites= 253 verified= False
user= o_wins followers= 135 friends= 134 tweets= 840 weight= 10184.4 favourites= 533 verified= False
user= hideinyourcurls followers= 353 friends= 231 tweets= 109570 weight= 2278101.5 favourites= 165 verified= False
user= karacaracciolo followers= 863 friends= 2001 tweets= 10041 weight= 1808628.89 favourites= 7772 verified= False
user= shike72 followers= 2 friends= 134 tweets= 46 weight= 555.56 favourites= 29 verified= False
user= kendrakaye7 followers= 11 friends= 73 tweets= 58 weight= 385.46 favourites= 1 verified= False
user= NBCFAus followers= 6773 friends= 1471 tweets= 2091 weight= 279536.69 favourites= 19 verified= False
user= strongqueenvato followers= 1753 friends= 2000 tweets= 39051 weight= 7029881.2 favourites= 15333 verified= False
user= loveeyeseniaa followers= 23 friends= 43 tweets= 1452 weight= 5628.44 favourites= 10 verified= False
user= animalsocial followers= 44 friends= 1916 tweets= 1514 weight= 261091.76 favourites= 22 verified= False
user= anielle292011 followers= 40 friends= 1916 tweets= 1544 weight= 266263.36 favourites= 17 verified= False
user= shike72 followers= 2 friends= 134 tweets= 46 weight= 555.56 favourites= 29 verified= False
user= healincomfort followers= 1469 friends= 2000 tweets= 8565 weight= 1542287.6 favourites= 222 verified= False
user= sypher786 followers= 25 friends= 142 tweets= 790 weight= 10106.2 favourites= 10 verified= False
user= kathicarey followers= 1060 friends= 323 tweets= 4868 weight= 141936.76 favourites= 6 verified= False
user= illingpig followers= 230 friends= 233 tweets= 1396 weight= 29366.12 favourites= 4 verified= False
user= 1inNine followers= 25 friends= 8 tweets= 55 weight= 49.6 favourites= 0 verified= False
user= a4breastcancer followers= 1428 friends= 1240 tweets= 5347 weight= 597296.4 favourites= 18 verified= False
user= ABCNews24 followers= 55612 friends= 1140 tweets= 20943 weight= 2170996.6 favourites= 9 verified= True
user= BCAction followers= 9963 friends= 213 tweets= 2844 weight= 58504.68 favourites= 10 verified= False
user= AliRashidKing followers= 12816 friends= 811 tweets= 10269 weight= 754660.71 favourites= 4 verified= False
user= healincomfort followers= 1469 friends= 2000 tweets= 8565 weight= 1542287.6 favourites= 222 verified= False
user= BreakfastNews followers= 31095 friends= 1084 tweets= 9757 weight= 964330.92 favourites= 16 verified= False
user= healincomfort followers= 1469 friends= 2000 tweets= 8565 weight= 1542287.6 favourites= 222 verified= False
user= itzMe_andiee followers= 783 friends= 661 tweets= 10958 weight= 652204.62 favourites= 18 verified= False
user= LamaMohammed3 followers= 297 friends= 278 tweets= 3851 weight= 96470.82 favourites= 231 verified= False
user= SharzBlueyez followers= 39 friends= 55 tweets= 1387 weight= 6881.25 favourites= 152 verified= False
user= iPilates followers= 3399 friends= 1052 tweets= 26912 weight= 2549387.76 favourites= 331 verified= False
user= fernandinho_lok followers= 62 friends= 1928 tweets= 1289 weight= 223692.08 favourites= 298 verified= False
user= dr_veronique followers= 3713 friends= 221 tweets= 2061 weight= 42478.49 favourites= 1 verified= False
user= MME1100 followers= 272 friends= 262 tweets= 4856 weight= 114613.28 favourites= 7 verified= False
user= huesthatGRL followers= 328 friends= 419 tweets= 1680 weight= 63484.0 favourites= 8 verified= False
user= iPilates followers= 3399 friends= 1052 tweets= 26912 weight= 2549387.76 favourites= 331 verified= False
user= zodanie followers= 130 friends= 121 tweets= 6140 weight= 66916.6 favourites= 584 verified= False
user= KomenDenver followers= 3422 friends= 335 tweets= 2068 weight= 63719.0 favourites= 764 verified= False
user= ashlynnkarstrom followers= 404 friends= 337 tweets= 6306 weight= 191422.58 favourites= 834 verified= False
user= kiana_Me followers= 49 friends= 48 tweets= 2801 weight= 12119.92 favourites= 14 verified= False
user= KingXavierBC followers= 1024 friends= 843 tweets= 41141 weight= 3121777.27 favourites= 1276 verified= False
user= kevinannjordan followers= 138 friends= 430 tweets= 495 weight= 19211.7 favourites= 10 verified= False
user= _FandaShop_ followers= 1319 friends= 962 tweets= 14225 weight= 1232128.1 favourites= 150 verified= False
user= CafeConLeche0 followers= 617 friends= 516 tweets= 20330 weight= 944372.0 favourites= 708 verified= False
user= QueenMyrina1 followers= 826 friends= 1861 tweets= 5226 weight= 875633.14 favourites= 80 verified= False
