******https://api.twitter.com/1.1/search/tweets.json?q="breast tumor"&count=100
user= JackieRNR followers= 1959 friends= 114 tweets= 2426 weight= 25674.36 favourites= 114 verified= False
user= Joeru_Kito followers= 3799 friends= 366 tweets= 41333 weight= 1363028.62 favourites= 129 verified= False
user= GuyKawasaki followers= 1359349 friends= 293667 tweets= 114736 weight= 3033019661.68 favourites= 782 verified= True
user= MsMicheleLauren followers= 0 friends= 15 tweets= 7 weight= 9.45 favourites= 0 verified= False
user= staypufd followers= 80 friends= 121 tweets= 3346 weight= 36469.94 favourites= 55 verified= False
user= AnthonyLeardi followers= 625 friends= 286 tweets= 166 weight= 4522.84 favourites= 0 verified= False
user= Sumit_Dost followers= 844 friends= 183 tweets= 4033 weight= 66761.11 favourites= 3 verified= False
user= futureseek followers= 663 friends= 86 tweets= 33113 weight= 256559.82 favourites= 1 verified= False
user= AnnieSherlocked followers= 52 friends= 474 tweets= 1343 weight= 57313.18 favourites= 122 verified= False
user= Fredchris007 followers= 279 friends= 188 tweets= 12508 weight= 211746.96 favourites= 2 verified= False
user= Flavio58 followers= 1355 friends= 1997 tweets= 318265 weight= 57202310.45 favourites= 23 verified= False
user= HomeHealthMed followers= 176 friends= 490 tweets= 617 weight= 27280.1 favourites= 0 verified= False
user= Hippocraticus followers= 60 friends= 79 tweets= 3232 weight= 23003.52 favourites= 0 verified= False
user= SocialKoolKats followers= 4138 friends= 4193 tweets= 25900 weight= 9775538.2 favourites= 1503 verified= False
user= yurimoreno followers= 587 friends= 418 tweets= 2850 weight= 107451.8 favourites= 3 verified= False
user= microbialkrysta followers= 63 friends= 164 tweets= 993 weight= 14681.88 favourites= 11 verified= False
user= gwardis followers= 806 friends= 548 tweets= 6521 weight= 321938.12 favourites= 0 verified= False
user= johnhaydon followers= 50034 friends= 39802 tweets= 65038 weight= 232997836.44 favourites= 219 verified= False
user= drpatfarrell followers= 4247 friends= 4947 tweets= 88219 weight= 39279444.17 favourites= 27 verified= False
user= qrobo followers= 372 friends= 1 tweets= 17099 weight= 1687.71 favourites= 0 verified= False
user= LRTGraphics followers= 353 friends= 641 tweets= 832 weight= 48139.28 favourites= 15 verified= False
user= JohnKaster followers= 307 friends= 127 tweets= 4478 weight= 51306.34 favourites= 0 verified= False
user= Afulton2010 followers= 10208 friends= 261 tweets= 18793 weight= 445530.77 favourites= 26 verified= False
user= RBLevin followers= 22004 friends= 8053 tweets= 19959 weight= 14474486.03 favourites= 421 verified= False
user= dperkins123 followers= 111 friends= 80 tweets= 6035 weight= 43496.4 favourites= 233 verified= False
user= carolesanek followers= 6047 friends= 5047 tweets= 14292 weight= 6494273.96 favourites= 2 verified= False
user= SJSupremacy followers= 163 friends= 1425 tweets= 151 weight= 19430.95 favourites= 1707 verified= False
user= GR8socialmedia followers= 18131 friends= 12345 tweets= 27614 weight= 30687787.1 favourites= 41 verified= False
user= RayEdwards followers= 8769 friends= 186 tweets= 10439 weight= 178256.46 favourites= 2 verified= False
user= ashokgovind followers= 1239 friends= 525 tweets= 15012 weight= 709812.6 favourites= 2 verified= False
user= annewaterhouse followers= 1878 friends= 39 tweets= 62558 weight= 220329.78 favourites= 0 verified= False
user= KirieMukai followers= 2076 friends= 2279 tweets= 15916 weight= 3265361.16 favourites= 0 verified= False
user= AALibnNU followers= 182 friends= 273 tweets= 1039 weight= 25601.03 favourites= 1 verified= False
user= BDFoxworth followers= 686 friends= 1575 tweets= 4020 weight= 570109.4 favourites= 312 verified= False
user= Flavio58 followers= 1355 friends= 1997 tweets= 318265 weight= 57202310.45 favourites= 23 verified= False
user= HealthNewsHQ followers= 306 friends= 73 tweets= 32127 weight= 211196.79 favourites= 0 verified= False
user= it_tech_high followers= 5222 friends= 5373 tweets= 35632 weight= 17232655.04 favourites= 0 verified= False
user= future_db followers= 52 friends= 0 tweets= 10240 weight= 20.8 favourites= 0 verified= False
user= OnlinedCom followers= 220 friends= 0 tweets= 43177 weight= 88.0 favourites= 24 verified= False
user= eHealthyDaily followers= 270 friends= 0 tweets= 27414 weight= 108.0 favourites= 0 verified= False
user= LICORBio followers= 473 friends= 457 tweets= 2854 weight= 117574.22 favourites= 0 verified= False
user= BariatricClinic followers= 160 friends= 81 tweets= 806 weight= 5939.74 favourites= 0 verified= False
user= krissyskayla followers= 474 friends= 822 tweets= 5036 weight= 372752.88 favourites= 815 verified= False
user= beaumadisonpc followers= 1812 friends= 1653 tweets= 42286 weight= 6291613.02 favourites= 8848 verified= False
user= LICORBio followers= 473 friends= 457 tweets= 2854 weight= 117574.22 favourites= 0 verified= False
user= DeborahAKizziah followers= 702 friends= 1806 tweets= 7814 weight= 1270368.36 favourites= 2231 verified= False
user= ShinerDoggy followers= 339 friends= 339 tweets= 1401 weight= 42880.11 favourites= 773 verified= False
user= mypawsitivepet followers= 1138 friends= 973 tweets= 8431 weight= 738757.87 favourites= 3270 verified= False
user= WheresChicky followers= 64 friends= 318 tweets= 1235 weight= 35371.3 favourites= 245 verified= False
user= marissabeee followers= 195 friends= 150 tweets= 5305 weight= 71695.5 favourites= 596 verified= False
